<?xml version="1.0" encoding="UTF-8"?>
<coverage generated="1581747459462" clover="3.2.0">
  <project timestamp="1581747459462" name="All files">
    <metrics statements="36" coveredstatements="25" conditionals="14" coveredconditionals="10" methods="5" coveredmethods="3" elements="55" coveredelements="38" complexity="0" loc="36" ncloc="36" packages="1" files="1" classes="1"/>
    <file name="emi.js" path="C:\Users\madhureshfichadiya\emi-calculator\src\emi.js">
      <metrics statements="36" coveredstatements="25" conditionals="14" coveredconditionals="10" methods="5" coveredmethods="3"/>
      <line num="13" count="2" type="cond" truecount="8" falsecount="0"/>
      <line num="16" count="1" type="stmt"/>
      <line num="19" count="1" type="stmt"/>
      <line num="20" count="1" type="stmt"/>
      <line num="21" count="1" type="stmt"/>
      <line num="22" count="1" type="stmt"/>
      <line num="24" count="1" type="stmt"/>
      <line num="25" count="12" type="stmt"/>
      <line num="29" count="12" type="stmt"/>
      <line num="30" count="12" type="stmt"/>
      <line num="31" count="12" type="stmt"/>
      <line num="33" count="12" type="cond" truecount="2" falsecount="0"/>
      <line num="34" count="1" type="stmt"/>
      <line num="35" count="1" type="stmt"/>
      <line num="36" count="1" type="stmt"/>
      <line num="39" count="12" type="stmt"/>
      <line num="42" count="1" type="stmt"/>
      <line num="61" count="1" type="stmt"/>
      <line num="64" count="12" type="stmt"/>
      <line num="66" count="12" type="stmt"/>
      <line num="67" count="12" type="stmt"/>
      <line num="68" count="12" type="stmt"/>
      <line num="69" count="12" type="stmt"/>
      <line num="71" count="12" type="stmt"/>
      <line num="88" count="0" type="cond" truecount="0" falsecount="2"/>
      <line num="89" count="0" type="cond" truecount="0" falsecount="2"/>
      <line num="90" count="0" type="stmt"/>
      <line num="92" count="0" type="stmt"/>
      <line num="93" count="0" type="stmt"/>
      <line num="111" count="0" type="stmt"/>
      <line num="112" count="0" type="stmt"/>
      <line num="114" count="0" type="stmt"/>
      <line num="122" count="0" type="stmt"/>
      <line num="125" count="0" type="stmt"/>
      <line num="135" count="0" type="stmt"/>
      <line num="139" count="29" type="stmt"/>
    </file>
  </project>
</coverage>
