{"C:\\Users\\madhureshfichadiya\\emi-calculator\\src\\emi.js": {"path":"C:\\Users\\madhureshfichadiya\\emi-calculator\\src\\emi.js","statementMap":{"0":{"start":{"line":13,"column":0},"end":{"line":17,"column":1}},"1":{"start":{"line":16,"column":1},"end":{"line":16,"column":85}},"2":{"start":{"line":19,"column":23},"end":{"line":19,"column":25}},"3":{"start":{"line":20,"column":20},"end":{"line":20,"column":21}},"4":{"start":{"line":21,"column":21},"end":{"line":21,"column":22}},"5":{"start":{"line":22,"column":12},"end":{"line":22,"column":13}},"6":{"start":{"line":24,"column":2},"end":{"line":40,"column":3}},"7":{"start":{"line":24,"column":15},"end":{"line":24,"column":16}},"8":{"start":{"line":25,"column":17},"end":{"line":27,"column":5}},"9":{"start":{"line":29,"column":4},"end":{"line":29,"column":27}},"10":{"start":{"line":30,"column":4},"end":{"line":30,"column":34}},"11":{"start":{"line":31,"column":4},"end":{"line":31,"column":32}},"12":{"start":{"line":33,"column":4},"end":{"line":37,"column":5}},"13":{"start":{"line":34,"column":6},"end":{"line":34,"column":33}},"14":{"start":{"line":35,"column":6},"end":{"line":35,"column":24}},"15":{"start":{"line":36,"column":6},"end":{"line":36,"column":21}},"16":{"start":{"line":39,"column":4},"end":{"line":39,"column":27}},"17":{"start":{"line":42,"column":2},"end":{"line":48,"column":3}},"18":{"start":{"line":61,"column":27},"end":{"line":78,"column":1}},"19":{"start":{"line":64,"column":30},"end":{"line":64,"column":55}},"20":{"start":{"line":66,"column":17},"end":{"line":66,"column":70}},"21":{"start":{"line":67,"column":22},"end":{"line":67,"column":83}},"22":{"start":{"line":68,"column":19},"end":{"line":68,"column":69}},"23":{"start":{"line":69,"column":20},"end":{"line":69,"column":42}},"24":{"start":{"line":71,"column":2},"end":{"line":77,"column":3}},"25":{"start":{"line":88,"column":2},"end":{"line":88,"column":23}},"26":{"start":{"line":89,"column":2},"end":{"line":91,"column":3}},"27":{"start":{"line":90,"column":4},"end":{"line":90,"column":25}},"28":{"start":{"line":92,"column":11},"end":{"line":92,"column":29}},"29":{"start":{"line":93,"column":13},"end":{"line":109,"column":3}},"30":{"start":{"line":111,"column":2},"end":{"line":123,"column":3}},"31":{"start":{"line":111,"column":15},"end":{"line":111,"column":16}},"32":{"start":{"line":112,"column":15},"end":{"line":112,"column":35}},"33":{"start":{"line":114,"column":10},"end":{"line":121,"column":17}},"34":{"start":{"line":122,"column":4},"end":{"line":122,"column":23}},"35":{"start":{"line":125,"column":2},"end":{"line":133,"column":11}},"36":{"start":{"line":135,"column":2},"end":{"line":135,"column":22}},"37":{"start":{"line":139,"column":2},"end":{"line":139,"column":36}}},"fnMap":{"0":{"name":"Loan","decl":{"start":{"line":10,"column":9},"end":{"line":10,"column":13}},"loc":{"start":{"line":10,"column":57},"end":{"line":49,"column":1}},"line":10},"1":{"name":"(anonymous_1)","decl":{"start":{"line":61,"column":27},"end":{"line":61,"column":28}},"loc":{"start":{"line":63,"column":5},"end":{"line":78,"column":1}},"line":63},"2":{"name":"emiToHtmlTable","decl":{"start":{"line":87,"column":9},"end":{"line":87,"column":23}},"loc":{"start":{"line":87,"column":39},"end":{"line":136,"column":1}},"line":87},"3":{"name":"(anonymous_3)","decl":{"start":{"line":89,"column":45},"end":{"line":89,"column":46}},"loc":{"start":{"line":89,"column":60},"end":{"line":91,"column":3}},"line":89},"4":{"name":"rnd","decl":{"start":{"line":138,"column":9},"end":{"line":138,"column":12}},"loc":{"start":{"line":138,"column":19},"end":{"line":140,"column":1}},"line":138}},"branchMap":{"0":{"loc":{"start":{"line":13,"column":0},"end":{"line":17,"column":1}},"type":"if","locations":[{"start":{"line":13,"column":0},"end":{"line":17,"column":1}},{"start":{"line":13,"column":0},"end":{"line":17,"column":1}}],"line":13},"1":{"loc":{"start":{"line":13,"column":4},"end":{"line":15,"column":36}},"type":"binary-expr","locations":[{"start":{"line":13,"column":4},"end":{"line":13,"column":11}},{"start":{"line":13,"column":15},"end":{"line":13,"column":26}},{"start":{"line":14,"column":2},"end":{"line":14,"column":21}},{"start":{"line":14,"column":25},"end":{"line":14,"column":48}},{"start":{"line":15,"column":2},"end":{"line":15,"column":15}},{"start":{"line":15,"column":19},"end":{"line":15,"column":36}}],"line":13},"2":{"loc":{"start":{"line":33,"column":4},"end":{"line":37,"column":5}},"type":"if","locations":[{"start":{"line":33,"column":4},"end":{"line":37,"column":5}},{"start":{"line":33,"column":4},"end":{"line":37,"column":5}}],"line":33},"3":{"loc":{"start":{"line":88,"column":11},"end":{"line":88,"column":23}},"type":"binary-expr","locations":[{"start":{"line":88,"column":11},"end":{"line":88,"column":17}},{"start":{"line":88,"column":21},"end":{"line":88,"column":23}}],"line":88},"4":{"loc":{"start":{"line":89,"column":23},"end":{"line":91,"column":3}},"type":"binary-expr","locations":[{"start":{"line":89,"column":23},"end":{"line":89,"column":41}},{"start":{"line":89,"column":45},"end":{"line":91,"column":3}}],"line":89}},"s":{"0":2,"1":1,"2":1,"3":1,"4":1,"5":1,"6":1,"7":1,"8":12,"9":12,"10":12,"11":12,"12":12,"13":1,"14":1,"15":1,"16":12,"17":1,"18":1,"19":12,"20":12,"21":12,"22":12,"23":12,"24":12,"25":0,"26":0,"27":0,"28":0,"29":0,"30":0,"31":0,"32":0,"33":0,"34":0,"35":0,"36":0,"37":29},"f":{"0":2,"1":12,"2":0,"3":0,"4":29},"b":{"0":[1,1],"1":[2,2,2,2,1,1],"2":[1,11],"3":[0,0],"4":[0,0]},"_coverageSchema":"1a1c01bbd47fc00a2c39e90264f33305004495a9","hash":"6813cf3433feedf4bebebf2dd37045144ac3b901"}
}
