TN:
SF:src\emi.js
FN:10,Loan
FN:61,(anonymous_1)
FN:87,emiToHtmlTable
FN:89,(anonymous_3)
FN:138,rnd
FNF:5
FNH:3
FNDA:2,Loan
FNDA:12,(anonymous_1)
FNDA:0,emiToHtmlTable
FNDA:0,(anonymous_3)
FNDA:29,rnd
DA:13,2
DA:16,1
DA:19,1
DA:20,1
DA:21,1
DA:22,1
DA:24,1
DA:25,12
DA:29,12
DA:30,12
DA:31,12
DA:33,12
DA:34,1
DA:35,1
DA:36,1
DA:39,12
DA:42,1
DA:61,1
DA:64,12
DA:66,12
DA:67,12
DA:68,12
DA:69,12
DA:71,12
DA:88,0
DA:89,0
DA:90,0
DA:92,0
DA:93,0
DA:111,0
DA:112,0
DA:114,0
DA:122,0
DA:125,0
DA:135,0
DA:139,29
LF:36
LH:25
BRDA:13,0,0,1
BRDA:13,0,1,1
BRDA:13,1,0,2
BRDA:13,1,1,2
BRDA:13,1,2,2
BRDA:13,1,3,2
BRDA:13,1,4,1
BRDA:13,1,5,1
BRDA:33,2,0,1
BRDA:33,2,1,11
BRDA:88,3,0,0
BRDA:88,3,1,0
BRDA:89,4,0,0
BRDA:89,4,1,0
BRF:14
BRH:10
end_of_record
